2018-04-02 00:05:56.186 [http-nio-8888-exec-6] INFO  com.course.controller.UserManager - 查看到的结果是1
2018-04-02 00:05:56.277 [http-nio-8888-exec-7] INFO  com.course.controller.UserManager - 查看到的结果是0
2018-04-02 00:05:56.324 [http-nio-8888-exec-8] INFO  com.course.controller.UserManager - cookies验证通过
2018-04-02 00:05:56.326 [http-nio-8888-exec-8] INFO  com.course.controller.UserManager - 获取到的用户数量是3
2018-04-02 00:07:00.767 [http-nio-8888-exec-10] INFO  com.course.controller.UserManager - 查看到的结果是1
2018-04-02 00:07:00.840 [http-nio-8888-exec-1] INFO  com.course.controller.UserManager - 查看到的结果是0
2018-04-02 00:07:00.880 [http-nio-8888-exec-2] INFO  com.course.controller.UserManager - cookies验证通过
2018-04-02 00:07:00.881 [http-nio-8888-exec-2] INFO  com.course.controller.UserManager - 获取到的用户数量是3
2018-04-02 00:08:00.483 [http-nio-8888-exec-4] INFO  com.course.controller.UserManager - 查看到的结果是1
2018-04-02 00:08:00.564 [http-nio-8888-exec-5] INFO  com.course.controller.UserManager - 查看到的结果是0
2018-04-02 00:08:00.607 [http-nio-8888-exec-6] INFO  com.course.controller.UserManager - cookies验证通过
2018-04-02 00:08:00.609 [http-nio-8888-exec-6] INFO  com.course.controller.UserManager - 获取到的用户数量是3
2018-04-02 00:08:57.485 [http-nio-8888-exec-8] INFO  com.course.controller.UserManager - 查看到的结果是1
2018-04-02 00:08:57.574 [http-nio-8888-exec-9] INFO  com.course.controller.UserManager - 查看到的结果是0
2018-04-02 00:08:57.648 [http-nio-8888-exec-10] INFO  com.course.controller.UserManager - cookies验证通过
2018-04-02 00:08:57.650 [http-nio-8888-exec-10] INFO  com.course.controller.UserManager - 获取到的用户数量是3
2018-04-02 00:09:45.393 [http-nio-8888-exec-1] INFO  com.course.controller.UserManager - 查看到的结果是1
2018-04-02 00:09:45.477 [http-nio-8888-exec-2] INFO  com.course.controller.UserManager - 查看到的结果是0
2018-04-02 00:09:45.549 [http-nio-8888-exec-3] INFO  com.course.controller.UserManager - cookies验证通过
2018-04-02 00:09:45.550 [http-nio-8888-exec-3] INFO  com.course.controller.UserManager - 获取到的用户数量是3
2018-04-02 00:14:52.775 [http-nio-8888-exec-6] INFO  com.course.controller.UserManager - 查看到的结果是1
2018-04-02 00:14:52.854 [http-nio-8888-exec-7] INFO  com.course.controller.UserManager - 查看到的结果是0
2018-04-02 00:14:52.898 [http-nio-8888-exec-8] INFO  com.course.controller.UserManager - cookies验证通过
2018-04-02 00:14:52.902 [http-nio-8888-exec-8] INFO  com.course.controller.UserManager - 获取到的用户数量是3
2018-04-02 00:16:22.334 [http-nio-8888-exec-10] INFO  com.course.controller.UserManager - 查看到的结果是1
2018-04-02 00:16:22.399 [http-nio-8888-exec-1] INFO  com.course.controller.UserManager - 查看到的结果是0
2018-04-02 00:16:22.443 [http-nio-8888-exec-2] INFO  com.course.controller.UserManager - cookies验证通过
2018-04-02 00:16:22.444 [http-nio-8888-exec-2] INFO  com.course.controller.UserManager - 获取到的用户数量是3
2018-04-02 00:16:31.627 [http-nio-8888-exec-4] INFO  com.course.controller.UserManager - 查看到的结果是1
2018-04-02 00:16:31.704 [http-nio-8888-exec-5] INFO  com.course.controller.UserManager - 查看到的结果是0
2018-04-02 00:16:31.745 [http-nio-8888-exec-6] INFO  com.course.controller.UserManager - cookies验证通过
2018-04-02 00:16:31.746 [http-nio-8888-exec-6] INFO  com.course.controller.UserManager - 获取到的用户数量是3
2018-04-02 00:17:11.897 [http-nio-8888-exec-8] INFO  com.course.controller.UserManager - 查看到的结果是1
2018-04-02 00:17:11.971 [http-nio-8888-exec-9] INFO  com.course.controller.UserManager - 查看到的结果是0
2018-04-02 00:17:12.011 [http-nio-8888-exec-10] INFO  com.course.controller.UserManager - cookies验证通过
2018-04-02 00:17:12.012 [http-nio-8888-exec-10] INFO  com.course.controller.UserManager - 获取到的用户数量是3
2018-04-02 00:18:54.916 [http-nio-8888-exec-2] INFO  com.course.controller.UserManager - 查看到的结果是1
2018-04-02 00:18:54.992 [http-nio-8888-exec-3] INFO  com.course.controller.UserManager - 查看到的结果是0
2018-04-02 00:18:55.033 [http-nio-8888-exec-4] INFO  com.course.controller.UserManager - cookies验证通过
2018-04-02 00:18:55.035 [http-nio-8888-exec-4] INFO  com.course.controller.UserManager - 获取到的用户数量是3
2018-04-02 00:19:37.263 [http-nio-8888-exec-6] INFO  com.course.controller.UserManager - 查看到的结果是1
2018-04-02 00:19:37.348 [http-nio-8888-exec-7] INFO  com.course.controller.UserManager - 查看到的结果是0
2018-04-02 00:19:37.403 [http-nio-8888-exec-8] INFO  com.course.controller.UserManager - cookies验证通过
2018-04-02 00:19:37.405 [http-nio-8888-exec-8] INFO  com.course.controller.UserManager - 获取到的用户数量是3
2018-04-02 00:22:05.584 [http-nio-8888-exec-10] INFO  com.course.controller.UserManager - 查看到的结果是1
2018-04-02 00:22:05.668 [http-nio-8888-exec-1] INFO  com.course.controller.UserManager - 查看到的结果是0
2018-04-02 00:22:05.809 [http-nio-8888-exec-2] INFO  com.course.controller.UserManager - cookies验证通过
2018-04-02 00:22:05.813 [http-nio-8888-exec-2] INFO  com.course.controller.UserManager - 获取到的用户数量是3
2018-04-02 00:22:30.828 [http-nio-8888-exec-4] INFO  com.course.controller.UserManager - 查看到的结果是1
2018-04-02 00:22:30.906 [http-nio-8888-exec-5] INFO  com.course.controller.UserManager - 查看到的结果是0
2018-04-02 00:22:30.966 [http-nio-8888-exec-6] INFO  com.course.controller.UserManager - cookies验证通过
2018-04-02 00:22:30.970 [http-nio-8888-exec-6] INFO  com.course.controller.UserManager - 获取到的用户数量是3
2018-04-02 00:22:53.048 [http-nio-8888-exec-8] INFO  com.course.controller.UserManager - 查看到的结果是1
2018-04-02 00:22:53.112 [http-nio-8888-exec-9] INFO  com.course.controller.UserManager - 查看到的结果是0
2018-04-02 00:22:53.190 [http-nio-8888-exec-10] INFO  com.course.controller.UserManager - cookies验证通过
2018-04-02 00:22:53.192 [http-nio-8888-exec-10] INFO  com.course.controller.UserManager - 获取到的用户数量是3
2018-04-02 00:23:25.441 [http-nio-8888-exec-2] INFO  com.course.controller.UserManager - 查看到的结果是1
2018-04-02 00:23:25.535 [http-nio-8888-exec-3] INFO  com.course.controller.UserManager - 查看到的结果是0
2018-04-02 00:23:25.585 [http-nio-8888-exec-4] INFO  com.course.controller.UserManager - cookies验证通过
2018-04-02 00:23:25.590 [http-nio-8888-exec-4] INFO  com.course.controller.UserManager - 获取到的用户数量是3
2018-04-02 00:23:57.806 [http-nio-8888-exec-6] INFO  com.course.controller.UserManager - 查看到的结果是1
2018-04-02 00:23:57.894 [http-nio-8888-exec-7] INFO  com.course.controller.UserManager - 查看到的结果是0
2018-04-02 00:23:57.955 [http-nio-8888-exec-8] INFO  com.course.controller.UserManager - cookies验证通过
2018-04-02 00:23:57.958 [http-nio-8888-exec-8] INFO  com.course.controller.UserManager - 获取到的用户数量是3
2018-04-02 00:25:28.688 [http-nio-8888-exec-10] INFO  com.course.controller.UserManager - 查看到的结果是1
2018-04-02 00:25:28.760 [http-nio-8888-exec-1] INFO  com.course.controller.UserManager - 查看到的结果是0
2018-04-02 00:25:28.807 [http-nio-8888-exec-2] INFO  com.course.controller.UserManager - cookies验证通过
2018-04-02 00:25:28.808 [http-nio-8888-exec-2] INFO  com.course.controller.UserManager - 获取到的用户数量是3
2018-04-02 22:59:15.839 [http-nio-8888-exec-10] INFO  com.course.controller.UserManager - 查看到的结果是1
2018-04-02 22:59:15.979 [http-nio-8888-exec-1] INFO  com.course.controller.UserManager - 查看到的结果是0
2018-04-02 22:59:16.103 [http-nio-8888-exec-2] INFO  com.course.controller.UserManager - cookies验证通过
2018-04-02 22:59:16.107 [http-nio-8888-exec-2] INFO  com.course.controller.UserManager - 获取到的用户数量是3
2018-04-02 23:01:07.924 [http-nio-8888-exec-10] INFO  com.course.controller.UserManager - 查看到的结果是1
2018-04-02 23:01:07.982 [http-nio-8888-exec-1] INFO  com.course.controller.UserManager - 查看到的结果是0
2018-04-02 23:01:08.037 [http-nio-8888-exec-2] INFO  com.course.controller.UserManager - cookies验证通过
2018-04-02 23:01:08.039 [http-nio-8888-exec-2] INFO  com.course.controller.UserManager - 获取到的用户数量是3
2020-01-07 11:27:42.644 [main] INFO  com.course.Application - Starting Application on DESKTOP-ASH3P1V with PID 18916 (started by zxs in C:\课程代码\13章\UserInterFace)
2020-01-07 11:27:42.648 [main] INFO  com.course.Application - No active profile set, falling back to default profiles: default
2020-01-07 11:27:42.727 [main] INFO  o.s.boot.context.embedded.AnnotationConfigEmbeddedWebApplicationContext - Refreshing org.springframework.boot.context.embedded.AnnotationConfigEmbeddedWebApplicationContext@4466af20: startup date [Tue Jan 07 11:27:42 CST 2020]; root of context hierarchy
2020-01-07 11:27:44.444 [main] WARN  org.mybatis.spring.mapper.ClassPathMapperScanner - No MyBatis mapper was found in '[com.course]' package. Please check your configuration.
2020-01-07 11:27:45.221 [main] INFO  o.s.context.support.PostProcessorRegistrationDelegate$BeanPostProcessorChecker - Bean 'org.springframework.transaction.annotation.ProxyTransactionManagementConfiguration' of type [org.springframework.transaction.annotation.ProxyTransactionManagementConfiguration$$EnhancerBySpringCGLIB$$ba1f176d] is not eligible for getting processed by all BeanPostProcessors (for example: not eligible for auto-proxying)
2020-01-07 11:27:46.145 [main] INFO  org.springframework.boot.context.embedded.tomcat.TomcatEmbeddedServletContainer - Tomcat initialized with port(s): 8888 (http)
2020-01-07 11:27:46.162 [main] INFO  org.apache.catalina.core.StandardService - Starting service Tomcat
2020-01-07 11:27:46.163 [main] INFO  org.apache.catalina.core.StandardEngine - Starting Servlet Engine: Apache Tomcat/8.5.14
2020-01-07 11:27:46.370 [localhost-startStop-1] INFO  org.apache.catalina.core.ContainerBase.[Tomcat].[localhost].[/] - Initializing Spring embedded WebApplicationContext
2020-01-07 11:27:46.370 [localhost-startStop-1] INFO  org.springframework.web.context.ContextLoader - Root WebApplicationContext: initialization completed in 3643 ms
2020-01-07 11:27:46.587 [localhost-startStop-1] INFO  org.springframework.boot.web.servlet.ServletRegistrationBean - Mapping servlet: 'dispatcherServlet' to [/]
2020-01-07 11:27:46.593 [localhost-startStop-1] INFO  org.springframework.boot.web.servlet.FilterRegistrationBean - Mapping filter: 'characterEncodingFilter' to: [/*]
2020-01-07 11:27:46.594 [localhost-startStop-1] INFO  org.springframework.boot.web.servlet.FilterRegistrationBean - Mapping filter: 'hiddenHttpMethodFilter' to: [/*]
2020-01-07 11:27:46.595 [localhost-startStop-1] INFO  org.springframework.boot.web.servlet.FilterRegistrationBean - Mapping filter: 'httpPutFormContentFilter' to: [/*]
2020-01-07 11:27:46.595 [localhost-startStop-1] INFO  org.springframework.boot.web.servlet.FilterRegistrationBean - Mapping filter: 'requestContextFilter' to: [/*]
2020-01-07 11:27:48.226 [main] INFO  o.springframework.web.servlet.mvc.method.annotation.RequestMappingHandlerMapping - Mapped "{[/v1/getUserInfo],methods=[POST]}" onto public java.util.List<com.course.model.User> com.course.controller.UserManager.getUserInfo(javax.servlet.http.HttpServletRequest,com.course.model.User)
2020-01-07 11:27:48.227 [main] INFO  o.springframework.web.servlet.mvc.method.annotation.RequestMappingHandlerMapping - Mapped "{[/v1/addUser],methods=[POST]}" onto public boolean com.course.controller.UserManager.addUser(javax.servlet.http.HttpServletRequest,com.course.model.User)
2020-01-07 11:27:48.228 [main] INFO  o.springframework.web.servlet.mvc.method.annotation.RequestMappingHandlerMapping - Mapped "{[/v1/login],methods=[POST]}" onto public java.lang.Boolean com.course.controller.UserManager.login(javax.servlet.http.HttpServletResponse,com.course.model.User)
2020-01-07 11:27:48.228 [main] INFO  o.springframework.web.servlet.mvc.method.annotation.RequestMappingHandlerMapping - Mapped "{[/v1/updateUserInfo],methods=[POST]}" onto public int com.course.controller.UserManager.updateUser(javax.servlet.http.HttpServletRequest,com.course.model.User)
2020-01-07 11:27:48.230 [main] INFO  o.springframework.web.servlet.mvc.method.annotation.RequestMappingHandlerMapping - Mapped "{[/v2/api-docs],methods=[GET],produces=[application/json || application/hal+json]}" onto public org.springframework.http.ResponseEntity<springfox.documentation.spring.web.json.Json> springfox.documentation.swagger2.web.Swagger2Controller.getDocumentation(java.lang.String,javax.servlet.http.HttpServletRequest)
2020-01-07 11:27:48.236 [main] INFO  o.springframework.web.servlet.mvc.method.annotation.RequestMappingHandlerMapping - Mapped "{[/swagger-resources/configuration/ui]}" onto org.springframework.http.ResponseEntity<springfox.documentation.swagger.web.UiConfiguration> springfox.documentation.swagger.web.ApiResourceController.uiConfiguration()
2020-01-07 11:27:48.237 [main] INFO  o.springframework.web.servlet.mvc.method.annotation.RequestMappingHandlerMapping - Mapped "{[/swagger-resources]}" onto org.springframework.http.ResponseEntity<java.util.List<springfox.documentation.swagger.web.SwaggerResource>> springfox.documentation.swagger.web.ApiResourceController.swaggerResources()
2020-01-07 11:27:48.238 [main] INFO  o.springframework.web.servlet.mvc.method.annotation.RequestMappingHandlerMapping - Mapped "{[/swagger-resources/configuration/security]}" onto org.springframework.http.ResponseEntity<springfox.documentation.swagger.web.SecurityConfiguration> springfox.documentation.swagger.web.ApiResourceController.securityConfiguration()
2020-01-07 11:27:48.241 [main] INFO  o.springframework.web.servlet.mvc.method.annotation.RequestMappingHandlerMapping - Mapped "{[/error]}" onto public org.springframework.http.ResponseEntity<java.util.Map<java.lang.String, java.lang.Object>> org.springframework.boot.autoconfigure.web.BasicErrorController.error(javax.servlet.http.HttpServletRequest)
2020-01-07 11:27:48.242 [main] INFO  o.springframework.web.servlet.mvc.method.annotation.RequestMappingHandlerMapping - Mapped "{[/error],produces=[text/html]}" onto public org.springframework.web.servlet.ModelAndView org.springframework.boot.autoconfigure.web.BasicErrorController.errorHtml(javax.servlet.http.HttpServletRequest,javax.servlet.http.HttpServletResponse)
2020-01-07 11:27:48.704 [main] INFO  o.springframework.web.servlet.mvc.method.annotation.RequestMappingHandlerAdapter - Looking for @ControllerAdvice: org.springframework.boot.context.embedded.AnnotationConfigEmbeddedWebApplicationContext@4466af20: startup date [Tue Jan 07 11:27:42 CST 2020]; root of context hierarchy
2020-01-07 11:27:48.793 [main] INFO  org.springframework.web.servlet.handler.SimpleUrlHandlerMapping - Mapped URL path [/webjars/**] onto handler of type [class org.springframework.web.servlet.resource.ResourceHttpRequestHandler]
2020-01-07 11:27:48.795 [main] INFO  org.springframework.web.servlet.handler.SimpleUrlHandlerMapping - Mapped URL path [/**] onto handler of type [class org.springframework.web.servlet.resource.ResourceHttpRequestHandler]
2020-01-07 11:27:49.048 [main] INFO  org.springframework.web.servlet.handler.SimpleUrlHandlerMapping - Mapped URL path [/**/favicon.ico] onto handler of type [class org.springframework.web.servlet.resource.ResourceHttpRequestHandler]
2020-01-07 11:27:49.377 [main] INFO  org.springframework.jmx.export.annotation.AnnotationMBeanExporter - Registering beans for JMX exposure on startup
2020-01-07 11:27:49.389 [main] INFO  org.springframework.context.support.DefaultLifecycleProcessor - Starting beans in phase 2147483647
2020-01-07 11:27:49.390 [main] INFO  springfox.documentation.spring.web.plugins.DocumentationPluginsBootstrapper - Context refreshed
2020-01-07 11:27:49.422 [main] INFO  springfox.documentation.spring.web.plugins.DocumentationPluginsBootstrapper - Found 1 custom documentation plugin(s)
2020-01-07 11:27:49.442 [main] INFO  springfox.documentation.spring.web.scanners.ApiListingReferenceScanner - Scanning for api listing references
2020-01-07 11:27:49.971 [main] INFO  org.springframework.boot.context.embedded.tomcat.TomcatEmbeddedServletContainer - Tomcat started on port(s): 8888 (http)
2020-01-07 11:27:49.979 [main] INFO  com.course.Application - Started Application in 7.927 seconds (JVM running for 8.792)
2020-01-07 11:27:59.506 [http-nio-8888-exec-2] INFO  org.apache.catalina.core.ContainerBase.[Tomcat].[localhost].[/] - Initializing Spring FrameworkServlet 'dispatcherServlet'
2020-01-07 11:27:59.507 [http-nio-8888-exec-2] INFO  org.springframework.web.servlet.DispatcherServlet - FrameworkServlet 'dispatcherServlet': initialization started
2020-01-07 11:27:59.533 [http-nio-8888-exec-2] INFO  org.springframework.web.servlet.DispatcherServlet - FrameworkServlet 'dispatcherServlet': initialization completed in 26 ms
2020-01-07 11:28:01.407 [http-nio-8888-exec-2] INFO  com.course.controller.UserManager - 查看到的结果是1
2020-01-07 11:28:01.523 [http-nio-8888-exec-1] INFO  com.course.controller.UserManager - 查看到的结果是1
2020-01-07 11:28:01.565 [http-nio-8888-exec-3] INFO  com.course.controller.UserManager - cookies验证通过
2020-01-07 11:28:01.570 [http-nio-8888-exec-3] INFO  com.course.controller.UserManager - 添加用户的数量是:1
2020-01-07 11:28:03.613 [http-nio-8888-exec-4] INFO  com.course.controller.UserManager - cookies验证通过
2020-01-07 11:28:03.646 [http-nio-8888-exec-4] INFO  com.course.controller.UserManager - getUserInfo获取到的用户数量是1
2020-01-07 11:28:05.707 [http-nio-8888-exec-5] INFO  com.course.controller.UserManager - cookies验证通过
2020-01-07 11:28:05.712 [http-nio-8888-exec-5] INFO  com.course.controller.UserManager - 更新数据的条目数为:1
2020-01-07 11:28:07.795 [http-nio-8888-exec-6] INFO  com.course.controller.UserManager - cookies验证通过
2020-01-07 11:28:07.800 [http-nio-8888-exec-6] INFO  com.course.controller.UserManager - 更新数据的条目数为:1
2020-01-07 11:28:09.837 [http-nio-8888-exec-7] INFO  com.course.controller.UserManager - cookies验证通过
2020-01-07 11:28:09.841 [http-nio-8888-exec-7] INFO  com.course.controller.UserManager - getUserInfo获取到的用户数量是5
2020-01-07 13:32:05.583 [main] INFO  com.course.Application - Starting Application on DESKTOP-ASH3P1V with PID 5188 (started by zxs in C:\课程代码\13章\UserInterFace)
2020-01-07 13:32:05.594 [main] INFO  com.course.Application - No active profile set, falling back to default profiles: default
2020-01-07 13:32:05.701 [main] INFO  o.s.boot.context.embedded.AnnotationConfigEmbeddedWebApplicationContext - Refreshing org.springframework.boot.context.embedded.AnnotationConfigEmbeddedWebApplicationContext@4466af20: startup date [Tue Jan 07 13:32:05 CST 2020]; root of context hierarchy
2020-01-07 13:32:07.356 [main] WARN  org.mybatis.spring.mapper.ClassPathMapperScanner - No MyBatis mapper was found in '[com.course]' package. Please check your configuration.
2020-01-07 13:32:08.256 [main] INFO  o.s.context.support.PostProcessorRegistrationDelegate$BeanPostProcessorChecker - Bean 'org.springframework.transaction.annotation.ProxyTransactionManagementConfiguration' of type [org.springframework.transaction.annotation.ProxyTransactionManagementConfiguration$$EnhancerBySpringCGLIB$$89f84d6d] is not eligible for getting processed by all BeanPostProcessors (for example: not eligible for auto-proxying)
2020-01-07 13:32:09.154 [main] INFO  org.springframework.boot.context.embedded.tomcat.TomcatEmbeddedServletContainer - Tomcat initialized with port(s): 8888 (http)
2020-01-07 13:32:09.169 [main] INFO  org.apache.catalina.core.StandardService - Starting service Tomcat
2020-01-07 13:32:09.172 [main] INFO  org.apache.catalina.core.StandardEngine - Starting Servlet Engine: Apache Tomcat/8.5.14
2020-01-07 13:32:09.341 [localhost-startStop-1] INFO  org.apache.catalina.core.ContainerBase.[Tomcat].[localhost].[/] - Initializing Spring embedded WebApplicationContext
2020-01-07 13:32:09.341 [localhost-startStop-1] INFO  org.springframework.web.context.ContextLoader - Root WebApplicationContext: initialization completed in 3640 ms
2020-01-07 13:32:09.614 [localhost-startStop-1] INFO  org.springframework.boot.web.servlet.ServletRegistrationBean - Mapping servlet: 'dispatcherServlet' to [/]
2020-01-07 13:32:09.619 [localhost-startStop-1] INFO  org.springframework.boot.web.servlet.FilterRegistrationBean - Mapping filter: 'characterEncodingFilter' to: [/*]
2020-01-07 13:32:09.620 [localhost-startStop-1] INFO  org.springframework.boot.web.servlet.FilterRegistrationBean - Mapping filter: 'hiddenHttpMethodFilter' to: [/*]
2020-01-07 13:32:09.621 [localhost-startStop-1] INFO  org.springframework.boot.web.servlet.FilterRegistrationBean - Mapping filter: 'httpPutFormContentFilter' to: [/*]
2020-01-07 13:32:09.621 [localhost-startStop-1] INFO  org.springframework.boot.web.servlet.FilterRegistrationBean - Mapping filter: 'requestContextFilter' to: [/*]
2020-01-07 13:32:10.900 [main] INFO  o.springframework.web.servlet.mvc.method.annotation.RequestMappingHandlerMapping - Mapped "{[/v1/getUserInfo],methods=[POST]}" onto public java.util.List<com.course.model.User> com.course.controller.UserManager.getUserInfo(javax.servlet.http.HttpServletRequest,com.course.model.User)
2020-01-07 13:32:10.902 [main] INFO  o.springframework.web.servlet.mvc.method.annotation.RequestMappingHandlerMapping - Mapped "{[/v1/addUser],methods=[POST]}" onto public boolean com.course.controller.UserManager.addUser(javax.servlet.http.HttpServletRequest,com.course.model.User)
2020-01-07 13:32:10.903 [main] INFO  o.springframework.web.servlet.mvc.method.annotation.RequestMappingHandlerMapping - Mapped "{[/v1/updateUserInfo],methods=[POST]}" onto public int com.course.controller.UserManager.updateUser(javax.servlet.http.HttpServletRequest,com.course.model.User)
2020-01-07 13:32:10.904 [main] INFO  o.springframework.web.servlet.mvc.method.annotation.RequestMappingHandlerMapping - Mapped "{[/v1/login],methods=[POST]}" onto public java.lang.Boolean com.course.controller.UserManager.login(javax.servlet.http.HttpServletResponse,com.course.model.User)
2020-01-07 13:32:10.905 [main] INFO  o.springframework.web.servlet.mvc.method.annotation.RequestMappingHandlerMapping - Mapped "{[/v2/api-docs],methods=[GET],produces=[application/json || application/hal+json]}" onto public org.springframework.http.ResponseEntity<springfox.documentation.spring.web.json.Json> springfox.documentation.swagger2.web.Swagger2Controller.getDocumentation(java.lang.String,javax.servlet.http.HttpServletRequest)
2020-01-07 13:32:10.910 [main] INFO  o.springframework.web.servlet.mvc.method.annotation.RequestMappingHandlerMapping - Mapped "{[/swagger-resources/configuration/security]}" onto org.springframework.http.ResponseEntity<springfox.documentation.swagger.web.SecurityConfiguration> springfox.documentation.swagger.web.ApiResourceController.securityConfiguration()
2020-01-07 13:32:10.911 [main] INFO  o.springframework.web.servlet.mvc.method.annotation.RequestMappingHandlerMapping - Mapped "{[/swagger-resources]}" onto org.springframework.http.ResponseEntity<java.util.List<springfox.documentation.swagger.web.SwaggerResource>> springfox.documentation.swagger.web.ApiResourceController.swaggerResources()
2020-01-07 13:32:10.913 [main] INFO  o.springframework.web.servlet.mvc.method.annotation.RequestMappingHandlerMapping - Mapped "{[/swagger-resources/configuration/ui]}" onto org.springframework.http.ResponseEntity<springfox.documentation.swagger.web.UiConfiguration> springfox.documentation.swagger.web.ApiResourceController.uiConfiguration()
2020-01-07 13:32:10.918 [main] INFO  o.springframework.web.servlet.mvc.method.annotation.RequestMappingHandlerMapping - Mapped "{[/error]}" onto public org.springframework.http.ResponseEntity<java.util.Map<java.lang.String, java.lang.Object>> org.springframework.boot.autoconfigure.web.BasicErrorController.error(javax.servlet.http.HttpServletRequest)
2020-01-07 13:32:10.919 [main] INFO  o.springframework.web.servlet.mvc.method.annotation.RequestMappingHandlerMapping - Mapped "{[/error],produces=[text/html]}" onto public org.springframework.web.servlet.ModelAndView org.springframework.boot.autoconfigure.web.BasicErrorController.errorHtml(javax.servlet.http.HttpServletRequest,javax.servlet.http.HttpServletResponse)
2020-01-07 13:32:11.678 [main] INFO  o.springframework.web.servlet.mvc.method.annotation.RequestMappingHandlerAdapter - Looking for @ControllerAdvice: org.springframework.boot.context.embedded.AnnotationConfigEmbeddedWebApplicationContext@4466af20: startup date [Tue Jan 07 13:32:05 CST 2020]; root of context hierarchy
2020-01-07 13:32:11.882 [main] INFO  org.springframework.web.servlet.handler.SimpleUrlHandlerMapping - Mapped URL path [/webjars/**] onto handler of type [class org.springframework.web.servlet.resource.ResourceHttpRequestHandler]
2020-01-07 13:32:11.883 [main] INFO  org.springframework.web.servlet.handler.SimpleUrlHandlerMapping - Mapped URL path [/**] onto handler of type [class org.springframework.web.servlet.resource.ResourceHttpRequestHandler]
2020-01-07 13:32:12.001 [main] INFO  org.springframework.web.servlet.handler.SimpleUrlHandlerMapping - Mapped URL path [/**/favicon.ico] onto handler of type [class org.springframework.web.servlet.resource.ResourceHttpRequestHandler]
2020-01-07 13:32:12.503 [main] INFO  org.springframework.jmx.export.annotation.AnnotationMBeanExporter - Registering beans for JMX exposure on startup
2020-01-07 13:32:12.524 [main] INFO  org.springframework.context.support.DefaultLifecycleProcessor - Starting beans in phase 2147483647
2020-01-07 13:32:12.525 [main] INFO  springfox.documentation.spring.web.plugins.DocumentationPluginsBootstrapper - Context refreshed
2020-01-07 13:32:12.574 [main] INFO  springfox.documentation.spring.web.plugins.DocumentationPluginsBootstrapper - Found 1 custom documentation plugin(s)
2020-01-07 13:32:12.599 [main] INFO  springfox.documentation.spring.web.scanners.ApiListingReferenceScanner - Scanning for api listing references
2020-01-07 13:32:13.051 [main] ERROR org.apache.coyote.http11.Http11NioProtocol - Failed to start end point associated with ProtocolHandler ["http-nio-8888"]
java.net.BindException: Address already in use: bind
	at sun.nio.ch.Net.bind0(Native Method)
	at sun.nio.ch.Net.bind(Net.java:433)
	at sun.nio.ch.Net.bind(Net.java:425)
	at sun.nio.ch.ServerSocketChannelImpl.bind(ServerSocketChannelImpl.java:223)
	at sun.nio.ch.ServerSocketAdaptor.bind(ServerSocketAdaptor.java:74)
	at org.apache.tomcat.util.net.NioEndpoint.bind(NioEndpoint.java:210)
	at org.apache.tomcat.util.net.AbstractEndpoint.start(AbstractEndpoint.java:978)
	at org.apache.coyote.AbstractProtocol.start(AbstractProtocol.java:628)
	at org.apache.catalina.connector.Connector.startInternal(Connector.java:993)
	at org.apache.catalina.util.LifecycleBase.start(LifecycleBase.java:150)
	at org.apache.catalina.core.StandardService.addConnector(StandardService.java:225)
	at org.springframework.boot.context.embedded.tomcat.TomcatEmbeddedServletContainer.addPreviouslyRemovedConnectors(TomcatEmbeddedServletContainer.java:247)
	at org.springframework.boot.context.embedded.tomcat.TomcatEmbeddedServletContainer.start(TomcatEmbeddedServletContainer.java:190)
	at org.springframework.boot.context.embedded.EmbeddedWebApplicationContext.startEmbeddedServletContainer(EmbeddedWebApplicationContext.java:297)
	at org.springframework.boot.context.embedded.EmbeddedWebApplicationContext.finishRefresh(EmbeddedWebApplicationContext.java:145)
	at org.springframework.context.support.AbstractApplicationContext.refresh(AbstractApplicationContext.java:545)
	at org.springframework.boot.context.embedded.EmbeddedWebApplicationContext.refresh(EmbeddedWebApplicationContext.java:122)
	at org.springframework.boot.SpringApplication.refresh(SpringApplication.java:737)
	at org.springframework.boot.SpringApplication.refreshContext(SpringApplication.java:370)
	at org.springframework.boot.SpringApplication.run(SpringApplication.java:314)
	at org.springframework.boot.SpringApplication.run(SpringApplication.java:1162)
	at org.springframework.boot.SpringApplication.run(SpringApplication.java:1151)
	at com.course.Application.main(Application.java:19)
2020-01-07 13:32:13.052 [main] ERROR org.apache.catalina.core.StandardService - Failed to start connector [Connector[HTTP/1.1-8888]]
org.apache.catalina.LifecycleException: Failed to start component [Connector[HTTP/1.1-8888]]
	at org.apache.catalina.util.LifecycleBase.start(LifecycleBase.java:167)
	at org.apache.catalina.core.StandardService.addConnector(StandardService.java:225)
	at org.springframework.boot.context.embedded.tomcat.TomcatEmbeddedServletContainer.addPreviouslyRemovedConnectors(TomcatEmbeddedServletContainer.java:247)
	at org.springframework.boot.context.embedded.tomcat.TomcatEmbeddedServletContainer.start(TomcatEmbeddedServletContainer.java:190)
	at org.springframework.boot.context.embedded.EmbeddedWebApplicationContext.startEmbeddedServletContainer(EmbeddedWebApplicationContext.java:297)
	at org.springframework.boot.context.embedded.EmbeddedWebApplicationContext.finishRefresh(EmbeddedWebApplicationContext.java:145)
	at org.springframework.context.support.AbstractApplicationContext.refresh(AbstractApplicationContext.java:545)
	at org.springframework.boot.context.embedded.EmbeddedWebApplicationContext.refresh(EmbeddedWebApplicationContext.java:122)
	at org.springframework.boot.SpringApplication.refresh(SpringApplication.java:737)
	at org.springframework.boot.SpringApplication.refreshContext(SpringApplication.java:370)
	at org.springframework.boot.SpringApplication.run(SpringApplication.java:314)
	at org.springframework.boot.SpringApplication.run(SpringApplication.java:1162)
	at org.springframework.boot.SpringApplication.run(SpringApplication.java:1151)
	at com.course.Application.main(Application.java:19)
Caused by: org.apache.catalina.LifecycleException: service.getName(): "Tomcat";  Protocol handler start failed
	at org.apache.catalina.connector.Connector.startInternal(Connector.java:1000)
	at org.apache.catalina.util.LifecycleBase.start(LifecycleBase.java:150)
	... 13 common frames omitted
Caused by: java.net.BindException: Address already in use: bind
	at sun.nio.ch.Net.bind0(Native Method)
	at sun.nio.ch.Net.bind(Net.java:433)
	at sun.nio.ch.Net.bind(Net.java:425)
	at sun.nio.ch.ServerSocketChannelImpl.bind(ServerSocketChannelImpl.java:223)
	at sun.nio.ch.ServerSocketAdaptor.bind(ServerSocketAdaptor.java:74)
	at org.apache.tomcat.util.net.NioEndpoint.bind(NioEndpoint.java:210)
	at org.apache.tomcat.util.net.AbstractEndpoint.start(AbstractEndpoint.java:978)
	at org.apache.coyote.AbstractProtocol.start(AbstractProtocol.java:628)
	at org.apache.catalina.connector.Connector.startInternal(Connector.java:993)
	... 14 common frames omitted
2020-01-07 13:32:13.062 [main] INFO  org.apache.catalina.core.StandardService - Stopping service Tomcat
2020-01-07 13:32:13.088 [main] INFO  o.s.boot.autoconfigure.logging.AutoConfigurationReportLoggingInitializer - 

Error starting ApplicationContext. To display the auto-configuration report re-run your application with 'debug' enabled.
2020-01-07 13:32:13.094 [main] ERROR org.springframework.boot.diagnostics.LoggingFailureAnalysisReporter - 

***************************
APPLICATION FAILED TO START
***************************

Description:

The Tomcat connector configured to listen on port 8888 failed to start. The port may already be in use or the connector may be misconfigured.

Action:

Verify the connector's configuration, identify and stop any process that's listening on port 8888, or configure this application to listen on another port.

2020-01-07 13:32:13.096 [main] INFO  o.s.boot.context.embedded.AnnotationConfigEmbeddedWebApplicationContext - Closing org.springframework.boot.context.embedded.AnnotationConfigEmbeddedWebApplicationContext@4466af20: startup date [Tue Jan 07 13:32:05 CST 2020]; root of context hierarchy
2020-01-07 13:32:13.098 [main] INFO  org.springframework.context.support.DefaultLifecycleProcessor - Stopping beans in phase 2147483647
2020-01-07 13:32:13.100 [main] INFO  org.springframework.jmx.export.annotation.AnnotationMBeanExporter - Unregistering JMX-exposed beans on shutdown
2020-01-07 14:07:14.971 [main] INFO  com.course.Application - Starting Application on DESKTOP-ASH3P1V with PID 19940 (C:\GOOD\Chapter13\target\classes started by zxs in C:\GOOD\Chapter13)
2020-01-07 14:07:14.973 [main] INFO  com.course.Application - No active profile set, falling back to default profiles: default
2020-01-07 14:07:15.056 [main] INFO  o.s.boot.context.embedded.AnnotationConfigEmbeddedWebApplicationContext - Refreshing org.springframework.boot.context.embedded.AnnotationConfigEmbeddedWebApplicationContext@4466af20: startup date [Tue Jan 07 14:07:15 CST 2020]; root of context hierarchy
2020-01-07 14:07:17.009 [main] WARN  org.mybatis.spring.mapper.ClassPathMapperScanner - No MyBatis mapper was found in '[com.course]' package. Please check your configuration.
2020-01-07 14:07:17.735 [main] INFO  o.s.context.support.PostProcessorRegistrationDelegate$BeanPostProcessorChecker - Bean 'org.springframework.transaction.annotation.ProxyTransactionManagementConfiguration' of type [org.springframework.transaction.annotation.ProxyTransactionManagementConfiguration$$EnhancerBySpringCGLIB$$b4dbe369] is not eligible for getting processed by all BeanPostProcessors (for example: not eligible for auto-proxying)
2020-01-07 14:07:18.680 [main] INFO  org.springframework.boot.context.embedded.tomcat.TomcatEmbeddedServletContainer - Tomcat initialized with port(s): 8888 (http)
2020-01-07 14:07:18.695 [main] INFO  org.apache.catalina.core.StandardService - Starting service Tomcat
2020-01-07 14:07:18.697 [main] INFO  org.apache.catalina.core.StandardEngine - Starting Servlet Engine: Apache Tomcat/8.5.14
2020-01-07 14:07:18.847 [localhost-startStop-1] INFO  org.apache.catalina.core.ContainerBase.[Tomcat].[localhost].[/] - Initializing Spring embedded WebApplicationContext
2020-01-07 14:07:18.847 [localhost-startStop-1] INFO  org.springframework.web.context.ContextLoader - Root WebApplicationContext: initialization completed in 3791 ms
2020-01-07 14:07:19.080 [localhost-startStop-1] INFO  org.springframework.boot.web.servlet.ServletRegistrationBean - Mapping servlet: 'dispatcherServlet' to [/]
2020-01-07 14:07:19.085 [localhost-startStop-1] INFO  org.springframework.boot.web.servlet.FilterRegistrationBean - Mapping filter: 'characterEncodingFilter' to: [/*]
2020-01-07 14:07:19.086 [localhost-startStop-1] INFO  org.springframework.boot.web.servlet.FilterRegistrationBean - Mapping filter: 'hiddenHttpMethodFilter' to: [/*]
2020-01-07 14:07:19.087 [localhost-startStop-1] INFO  org.springframework.boot.web.servlet.FilterRegistrationBean - Mapping filter: 'httpPutFormContentFilter' to: [/*]
2020-01-07 14:07:19.087 [localhost-startStop-1] INFO  org.springframework.boot.web.servlet.FilterRegistrationBean - Mapping filter: 'requestContextFilter' to: [/*]
2020-01-07 14:07:20.271 [main] INFO  o.springframework.web.servlet.mvc.method.annotation.RequestMappingHandlerMapping - Mapped "{[/v1/getUserInfo],methods=[POST]}" onto public java.util.List<com.course.model.User> com.course.controller.UserManager.getUserInfo(javax.servlet.http.HttpServletRequest,com.course.model.User)
2020-01-07 14:07:20.272 [main] INFO  o.springframework.web.servlet.mvc.method.annotation.RequestMappingHandlerMapping - Mapped "{[/v1/addUser],methods=[POST]}" onto public boolean com.course.controller.UserManager.addUser(javax.servlet.http.HttpServletRequest,com.course.model.User)
2020-01-07 14:07:20.272 [main] INFO  o.springframework.web.servlet.mvc.method.annotation.RequestMappingHandlerMapping - Mapped "{[/v1/updateUserInfo],methods=[POST]}" onto public int com.course.controller.UserManager.updateUser(javax.servlet.http.HttpServletRequest,com.course.model.User)
2020-01-07 14:07:20.273 [main] INFO  o.springframework.web.servlet.mvc.method.annotation.RequestMappingHandlerMapping - Mapped "{[/v1/login],methods=[POST]}" onto public java.lang.Boolean com.course.controller.UserManager.login(javax.servlet.http.HttpServletResponse,com.course.model.User)
2020-01-07 14:07:20.274 [main] INFO  o.springframework.web.servlet.mvc.method.annotation.RequestMappingHandlerMapping - Mapped "{[/v2/api-docs],methods=[GET],produces=[application/json || application/hal+json]}" onto public org.springframework.http.ResponseEntity<springfox.documentation.spring.web.json.Json> springfox.documentation.swagger2.web.Swagger2Controller.getDocumentation(java.lang.String,javax.servlet.http.HttpServletRequest)
2020-01-07 14:07:20.278 [main] INFO  o.springframework.web.servlet.mvc.method.annotation.RequestMappingHandlerMapping - Mapped "{[/swagger-resources/configuration/security]}" onto org.springframework.http.ResponseEntity<springfox.documentation.swagger.web.SecurityConfiguration> springfox.documentation.swagger.web.ApiResourceController.securityConfiguration()
2020-01-07 14:07:20.279 [main] INFO  o.springframework.web.servlet.mvc.method.annotation.RequestMappingHandlerMapping - Mapped "{[/swagger-resources]}" onto org.springframework.http.ResponseEntity<java.util.List<springfox.documentation.swagger.web.SwaggerResource>> springfox.documentation.swagger.web.ApiResourceController.swaggerResources()
2020-01-07 14:07:20.281 [main] INFO  o.springframework.web.servlet.mvc.method.annotation.RequestMappingHandlerMapping - Mapped "{[/swagger-resources/configuration/ui]}" onto org.springframework.http.ResponseEntity<springfox.documentation.swagger.web.UiConfiguration> springfox.documentation.swagger.web.ApiResourceController.uiConfiguration()
2020-01-07 14:07:20.284 [main] INFO  o.springframework.web.servlet.mvc.method.annotation.RequestMappingHandlerMapping - Mapped "{[/error]}" onto public org.springframework.http.ResponseEntity<java.util.Map<java.lang.String, java.lang.Object>> org.springframework.boot.autoconfigure.web.BasicErrorController.error(javax.servlet.http.HttpServletRequest)
2020-01-07 14:07:20.285 [main] INFO  o.springframework.web.servlet.mvc.method.annotation.RequestMappingHandlerMapping - Mapped "{[/error],produces=[text/html]}" onto public org.springframework.web.servlet.ModelAndView org.springframework.boot.autoconfigure.web.BasicErrorController.errorHtml(javax.servlet.http.HttpServletRequest,javax.servlet.http.HttpServletResponse)
2020-01-07 14:07:20.691 [main] INFO  o.springframework.web.servlet.mvc.method.annotation.RequestMappingHandlerAdapter - Looking for @ControllerAdvice: org.springframework.boot.context.embedded.AnnotationConfigEmbeddedWebApplicationContext@4466af20: startup date [Tue Jan 07 14:07:15 CST 2020]; root of context hierarchy
2020-01-07 14:07:20.769 [main] INFO  org.springframework.web.servlet.handler.SimpleUrlHandlerMapping - Mapped URL path [/webjars/**] onto handler of type [class org.springframework.web.servlet.resource.ResourceHttpRequestHandler]
2020-01-07 14:07:20.770 [main] INFO  org.springframework.web.servlet.handler.SimpleUrlHandlerMapping - Mapped URL path [/**] onto handler of type [class org.springframework.web.servlet.resource.ResourceHttpRequestHandler]
2020-01-07 14:07:20.815 [main] INFO  org.springframework.web.servlet.handler.SimpleUrlHandlerMapping - Mapped URL path [/**/favicon.ico] onto handler of type [class org.springframework.web.servlet.resource.ResourceHttpRequestHandler]
2020-01-07 14:07:21.132 [main] INFO  org.springframework.jmx.export.annotation.AnnotationMBeanExporter - Registering beans for JMX exposure on startup
2020-01-07 14:07:21.145 [main] INFO  org.springframework.context.support.DefaultLifecycleProcessor - Starting beans in phase 2147483647
2020-01-07 14:07:21.145 [main] INFO  springfox.documentation.spring.web.plugins.DocumentationPluginsBootstrapper - Context refreshed
2020-01-07 14:07:21.186 [main] INFO  springfox.documentation.spring.web.plugins.DocumentationPluginsBootstrapper - Found 1 custom documentation plugin(s)
2020-01-07 14:07:21.208 [main] INFO  springfox.documentation.spring.web.scanners.ApiListingReferenceScanner - Scanning for api listing references
2020-01-07 14:07:21.662 [main] INFO  org.springframework.boot.context.embedded.tomcat.TomcatEmbeddedServletContainer - Tomcat started on port(s): 8888 (http)
2020-01-07 14:07:21.670 [main] INFO  com.course.Application - Started Application in 7.23 seconds (JVM running for 8.089)
